2021-11-21 14:52:56.9593|0|DEBUG|WebApplication.Program|init main |url: |action: |WebApplication.Program.Main| body: 
2021-11-21 14:53:00.6203|0|INFO|Microsoft.Hosting.Lifetime|Application started. Press Ctrl+C to shut down. |url: |action: |Microsoft.Extensions.Hosting.Internal.ConsoleLifetime.OnApplicationStarted| body: 
2021-11-21 14:53:00.6400|0|INFO|Microsoft.Hosting.Lifetime|Hosting environment: Development |url: |action: |Microsoft.Extensions.Hosting.Internal.ConsoleLifetime.OnApplicationStarted| body: 
2021-11-21 14:53:00.6400|0|INFO|Microsoft.Hosting.Lifetime|Content root path: C:\Users\Usuario\OneDrive\Escritorio\practicaC#\tp032021-DiazCode12\Cadeteria\WebApplication |url: |action: |Microsoft.Extensions.Hosting.Internal.ConsoleLifetime.OnApplicationStarted| body: 
2021-11-21 17:58:41.5935|0|DEBUG|WebApplication.Program|init main |url: |action: |WebApplication.Program.Main| body: 
2021-11-21 17:58:43.5596|0|INFO|Microsoft.Hosting.Lifetime|Application started. Press Ctrl+C to shut down. |url: |action: |Microsoft.Extensions.Hosting.Internal.ConsoleLifetime.OnApplicationStarted| body: 
2021-11-21 17:58:43.5799|0|INFO|Microsoft.Hosting.Lifetime|Hosting environment: Development |url: |action: |Microsoft.Extensions.Hosting.Internal.ConsoleLifetime.OnApplicationStarted| body: 
2021-11-21 17:58:43.5799|0|INFO|Microsoft.Hosting.Lifetime|Content root path: C:\Users\Usuario\OneDrive\Escritorio\practicaC#\tp032021-DiazCode12\Cadeteria\WebApplication |url: |action: |Microsoft.Extensions.Hosting.Internal.ConsoleLifetime.OnApplicationStarted| body: 
2021-11-21 17:58:51.1908|1|ERROR|Microsoft.AspNetCore.Diagnostics.DeveloperExceptionPageMiddleware|An unhandled exception has occurred while executing the request. System.InvalidOperationException: Unable to resolve service for type 'WebApplication.Models.DataBase.IRepoCadete' while attempting to activate 'WebApplication.Controllers.UsuarioController'.
   at Microsoft.Extensions.DependencyInjection.ActivatorUtilities.GetService(IServiceProvider sp, Type type, Type requiredBy, Boolean isDefaultParameterRequired)
   at lambda_method18(Closure , IServiceProvider , Object[] )
   at Microsoft.AspNetCore.Mvc.Controllers.ControllerActivatorProvider.<>c__DisplayClass4_0.<CreateActivator>b__0(ControllerContext controllerContext)
   at Microsoft.AspNetCore.Mvc.Controllers.ControllerFactoryProvider.<>c__DisplayClass5_0.<CreateControllerFactory>g__CreateController|0(ControllerContext controllerContext)
   at Microsoft.AspNetCore.Mvc.Infrastructure.ControllerActionInvoker.Next(State& next, Scope& scope, Object& state, Boolean& isCompleted)
   at Microsoft.AspNetCore.Mvc.Infrastructure.ControllerActionInvoker.InvokeInnerFilterAsync()
--- End of stack trace from previous location ---
   at Microsoft.AspNetCore.Mvc.Infrastructure.ResourceInvoker.<InvokeNextResourceFilter>g__Awaited|24_0(ResourceInvoker invoker, Task lastTask, State next, Scope scope, Object state, Boolean isCompleted)
   at Microsoft.AspNetCore.Mvc.Infrastructure.ResourceInvoker.Rethrow(ResourceExecutedContextSealed context)
   at Microsoft.AspNetCore.Mvc.Infrastructure.ResourceInvoker.Next(State& next, Scope& scope, Object& state, Boolean& isCompleted)
   at Microsoft.AspNetCore.Mvc.Infrastructure.ResourceInvoker.InvokeFilterPipelineAsync()
--- End of stack trace from previous location ---
   at Microsoft.AspNetCore.Mvc.Infrastructure.ResourceInvoker.<InvokeAsync>g__Awaited|17_0(ResourceInvoker invoker, Task task, IDisposable scope)
   at Microsoft.AspNetCore.Routing.EndpointMiddleware.<Invoke>g__AwaitRequestTask|6_0(Endpoint endpoint, Task requestTask, ILogger logger)
   at Microsoft.AspNetCore.Authorization.AuthorizationMiddleware.Invoke(HttpContext context)
   at Microsoft.AspNetCore.Session.SessionMiddleware.Invoke(HttpContext context)
   at Microsoft.AspNetCore.Session.SessionMiddleware.Invoke(HttpContext context)
   at Microsoft.AspNetCore.Diagnostics.DeveloperExceptionPageMiddleware.Invoke(HttpContext context)|url: http://localhost/Usuario|action: Index|Microsoft.AspNetCore.Diagnostics.DeveloperExceptionPageMiddleware.Invoke| body: 
2021-11-21 18:00:53.5821|0|DEBUG|WebApplication.Program|init main |url: |action: |WebApplication.Program.Main| body: 
2021-11-21 18:00:55.1149|0|INFO|Microsoft.Hosting.Lifetime|Application started. Press Ctrl+C to shut down. |url: |action: |Microsoft.Extensions.Hosting.Internal.ConsoleLifetime.OnApplicationStarted| body: 
2021-11-21 18:00:55.1149|0|INFO|Microsoft.Hosting.Lifetime|Hosting environment: Development |url: |action: |Microsoft.Extensions.Hosting.Internal.ConsoleLifetime.OnApplicationStarted| body: 
2021-11-21 18:00:55.1261|0|INFO|Microsoft.Hosting.Lifetime|Content root path: C:\Users\Usuario\OneDrive\Escritorio\practicaC#\tp032021-DiazCode12\Cadeteria\WebApplication |url: |action: |Microsoft.Extensions.Hosting.Internal.ConsoleLifetime.OnApplicationStarted| body: 
2021-11-21 18:01:49.6876|0|DEBUG|WebApplication.Program|init main |url: |action: |WebApplication.Program.Main| body: 
2021-11-21 18:01:51.4970|0|INFO|Microsoft.Hosting.Lifetime|Application started. Press Ctrl+C to shut down. |url: |action: |Microsoft.Extensions.Hosting.Internal.ConsoleLifetime.OnApplicationStarted| body: 
2021-11-21 18:01:51.5065|0|INFO|Microsoft.Hosting.Lifetime|Hosting environment: Development |url: |action: |Microsoft.Extensions.Hosting.Internal.ConsoleLifetime.OnApplicationStarted| body: 
2021-11-21 18:01:51.5222|0|INFO|Microsoft.Hosting.Lifetime|Content root path: C:\Users\Usuario\OneDrive\Escritorio\practicaC#\tp032021-DiazCode12\Cadeteria\WebApplication |url: |action: |Microsoft.Extensions.Hosting.Internal.ConsoleLifetime.OnApplicationStarted| body: 
2021-11-21 18:03:53.1360|0|DEBUG|WebApplication.Program|init main |url: |action: |WebApplication.Program.Main| body: 
2021-11-21 18:03:55.2275|0|INFO|Microsoft.Hosting.Lifetime|Application started. Press Ctrl+C to shut down. |url: |action: |Microsoft.Extensions.Hosting.Internal.ConsoleLifetime.OnApplicationStarted| body: 
2021-11-21 18:03:55.2329|0|INFO|Microsoft.Hosting.Lifetime|Hosting environment: Development |url: |action: |Microsoft.Extensions.Hosting.Internal.ConsoleLifetime.OnApplicationStarted| body: 
2021-11-21 18:03:55.2329|0|INFO|Microsoft.Hosting.Lifetime|Content root path: C:\Users\Usuario\OneDrive\Escritorio\practicaC#\tp032021-DiazCode12\Cadeteria\WebApplication |url: |action: |Microsoft.Extensions.Hosting.Internal.ConsoleLifetime.OnApplicationStarted| body: 
2021-11-21 18:04:44.0076|0|DEBUG|WebApplication.Program|init main |url: |action: |WebApplication.Program.Main| body: 
2021-11-21 18:04:46.0646|0|INFO|Microsoft.Hosting.Lifetime|Application started. Press Ctrl+C to shut down. |url: |action: |Microsoft.Extensions.Hosting.Internal.ConsoleLifetime.OnApplicationStarted| body: 
2021-11-21 18:04:46.0865|0|INFO|Microsoft.Hosting.Lifetime|Hosting environment: Development |url: |action: |Microsoft.Extensions.Hosting.Internal.ConsoleLifetime.OnApplicationStarted| body: 
2021-11-21 18:04:46.1039|0|INFO|Microsoft.Hosting.Lifetime|Content root path: C:\Users\Usuario\OneDrive\Escritorio\practicaC#\tp032021-DiazCode12\Cadeteria\WebApplication |url: |action: |Microsoft.Extensions.Hosting.Internal.ConsoleLifetime.OnApplicationStarted| body: 
2021-11-21 18:07:59.4031|0|DEBUG|WebApplication.Program|init main |url: |action: |WebApplication.Program.Main| body: 
2021-11-21 18:08:01.1588|0|INFO|Microsoft.Hosting.Lifetime|Application started. Press Ctrl+C to shut down. |url: |action: |Microsoft.Extensions.Hosting.Internal.ConsoleLifetime.OnApplicationStarted| body: 
2021-11-21 18:08:01.1714|0|INFO|Microsoft.Hosting.Lifetime|Hosting environment: Development |url: |action: |Microsoft.Extensions.Hosting.Internal.ConsoleLifetime.OnApplicationStarted| body: 
2021-11-21 18:08:01.1714|0|INFO|Microsoft.Hosting.Lifetime|Content root path: C:\Users\Usuario\OneDrive\Escritorio\practicaC#\tp032021-DiazCode12\Cadeteria\WebApplication |url: |action: |Microsoft.Extensions.Hosting.Internal.ConsoleLifetime.OnApplicationStarted| body: 
