2021-11-15 13:26:04.3736|0|DEBUG|WebApplication.Program|init main 
2021-11-15 13:26:06.3565|0|INFO|Microsoft.Hosting.Lifetime|Application started. Press Ctrl+C to shut down. 
2021-11-15 13:26:06.3828|0|INFO|Microsoft.Hosting.Lifetime|Hosting environment: Development 
2021-11-15 13:26:06.3885|0|INFO|Microsoft.Hosting.Lifetime|Content root path: C:\Users\Usuario\OneDrive\Escritorio\practicaC#\tp032021-DiazCode12\Cadeteria\WebApplication 
2021-11-15 14:26:10.9730|0|DEBUG|WebApplication.Program|init main 
2021-11-15 14:26:12.9480|0|INFO|Microsoft.Hosting.Lifetime|Application started. Press Ctrl+C to shut down. 
2021-11-15 14:26:12.9734|0|INFO|Microsoft.Hosting.Lifetime|Hosting environment: Development 
2021-11-15 14:26:12.9832|0|INFO|Microsoft.Hosting.Lifetime|Content root path: C:\Users\Usuario\OneDrive\Escritorio\practicaC#\tp032021-DiazCode12\Cadeteria\WebApplication 
2021-11-15 14:28:05.0354|0|DEBUG|WebApplication.Program|init main 
2021-11-15 14:28:06.7369|0|INFO|Microsoft.Hosting.Lifetime|Application started. Press Ctrl+C to shut down. 
2021-11-15 14:28:06.7634|0|INFO|Microsoft.Hosting.Lifetime|Hosting environment: Development 
2021-11-15 14:28:06.7634|0|INFO|Microsoft.Hosting.Lifetime|Content root path: C:\Users\Usuario\OneDrive\Escritorio\practicaC#\tp032021-DiazCode12\Cadeteria\WebApplication 
2021-11-15 14:29:24.0084|0|DEBUG|WebApplication.Program|init main 
2021-11-15 14:29:26.1664|0|INFO|Microsoft.Hosting.Lifetime|Application started. Press Ctrl+C to shut down. 
2021-11-15 14:29:26.1824|0|INFO|Microsoft.Hosting.Lifetime|Hosting environment: Development 
2021-11-15 14:29:26.1824|0|INFO|Microsoft.Hosting.Lifetime|Content root path: C:\Users\Usuario\OneDrive\Escritorio\practicaC#\tp032021-DiazCode12\Cadeteria\WebApplication 
2021-11-15 14:29:48.5750|0|DEBUG|WebApplication.Program|init main 
2021-11-15 14:29:51.0635|0|INFO|Microsoft.Hosting.Lifetime|Application started. Press Ctrl+C to shut down. 
2021-11-15 14:29:51.0792|0|INFO|Microsoft.Hosting.Lifetime|Hosting environment: Development 
2021-11-15 14:29:51.0880|0|INFO|Microsoft.Hosting.Lifetime|Content root path: C:\Users\Usuario\OneDrive\Escritorio\practicaC#\tp032021-DiazCode12\Cadeteria\WebApplication 
2021-11-15 14:38:24.0275|0|DEBUG|WebApplication.Program|init main 
2021-11-15 14:39:05.8912|0|DEBUG|WebApplication.Program|init main 
2021-11-15 14:39:07.4224|0|INFO|Microsoft.Hosting.Lifetime|Application started. Press Ctrl+C to shut down. 
2021-11-15 14:39:07.4332|0|INFO|Microsoft.Hosting.Lifetime|Hosting environment: Development 
2021-11-15 14:39:07.4332|0|INFO|Microsoft.Hosting.Lifetime|Content root path: C:\Users\Usuario\OneDrive\Escritorio\practicaC#\tp032021-DiazCode12\Cadeteria\WebApplication 
2021-11-15 14:39:08.9183|3|ERROR|Microsoft.AspNetCore.Mvc.ViewFeatures.ViewResultExecutor|The view '_repoCadete.GetAllCadetes' was not found. Searched locations: /Views/Cadete/_repoCadete.GetAllCadetes.cshtml, /Views/Shared/_repoCadete.GetAllCadetes.cshtml 
2021-11-15 14:39:08.9436|1|ERROR|Microsoft.AspNetCore.Diagnostics.DeveloperExceptionPageMiddleware|An unhandled exception has occurred while executing the request. System.InvalidOperationException: The view '_repoCadete.GetAllCadetes' was not found. The following locations were searched:
/Views/Cadete/_repoCadete.GetAllCadetes.cshtml
/Views/Shared/_repoCadete.GetAllCadetes.cshtml
   at Microsoft.AspNetCore.Mvc.ViewEngines.ViewEngineResult.EnsureSuccessful(IEnumerable`1 originalLocations)
   at Microsoft.AspNetCore.Mvc.ViewFeatures.ViewResultExecutor.ExecuteAsync(ActionContext context, ViewResult result)
   at Microsoft.AspNetCore.Mvc.ViewResult.ExecuteResultAsync(ActionContext context)
   at Microsoft.AspNetCore.Mvc.Infrastructure.ResourceInvoker.<InvokeNextResultFilterAsync>g__Awaited|29_0[TFilter,TFilterAsync](ResourceInvoker invoker, Task lastTask, State next, Scope scope, Object state, Boolean isCompleted)
   at Microsoft.AspNetCore.Mvc.Infrastructure.ResourceInvoker.Rethrow(ResultExecutedContextSealed context)
   at Microsoft.AspNetCore.Mvc.Infrastructure.ResourceInvoker.ResultNext[TFilter,TFilterAsync](State& next, Scope& scope, Object& state, Boolean& isCompleted)
   at Microsoft.AspNetCore.Mvc.Infrastructure.ResourceInvoker.InvokeResultFilters()
--- End of stack trace from previous location ---
   at Microsoft.AspNetCore.Mvc.Infrastructure.ResourceInvoker.<InvokeNextResourceFilter>g__Awaited|24_0(ResourceInvoker invoker, Task lastTask, State next, Scope scope, Object state, Boolean isCompleted)
   at Microsoft.AspNetCore.Mvc.Infrastructure.ResourceInvoker.Rethrow(ResourceExecutedContextSealed context)
   at Microsoft.AspNetCore.Mvc.Infrastructure.ResourceInvoker.Next(State& next, Scope& scope, Object& state, Boolean& isCompleted)
   at Microsoft.AspNetCore.Mvc.Infrastructure.ResourceInvoker.InvokeFilterPipelineAsync()
--- End of stack trace from previous location ---
   at Microsoft.AspNetCore.Mvc.Infrastructure.ResourceInvoker.<InvokeAsync>g__Awaited|17_0(ResourceInvoker invoker, Task task, IDisposable scope)
   at Microsoft.AspNetCore.Routing.EndpointMiddleware.<Invoke>g__AwaitRequestTask|6_0(Endpoint endpoint, Task requestTask, ILogger logger)
   at Microsoft.AspNetCore.Authorization.AuthorizationMiddleware.Invoke(HttpContext context)
   at Microsoft.AspNetCore.Diagnostics.DeveloperExceptionPageMiddleware.Invoke(HttpContext context)
2021-11-15 14:40:39.5794|0|DEBUG|WebApplication.Program|init main 
2021-11-15 14:40:41.0903|0|INFO|Microsoft.Hosting.Lifetime|Application started. Press Ctrl+C to shut down. 
2021-11-15 14:40:41.0903|0|INFO|Microsoft.Hosting.Lifetime|Hosting environment: Development 
2021-11-15 14:40:41.1120|0|INFO|Microsoft.Hosting.Lifetime|Content root path: C:\Users\Usuario\OneDrive\Escritorio\practicaC#\tp032021-DiazCode12\Cadeteria\WebApplication 
2021-11-15 14:40:42.8375|0|ERROR|WebApplication.Startup|Error Message: Invalid ConnectionString format for part "C:\Users\Usuario\OneDrive\Escritorio\practicaC#\tp032021-DiazCode12\Cadeteria\WebApplication\SQLite\DBWebAplication.db", no equal sign found Stack trace:    at System.Data.SQLite.SQLiteConnection.ParseConnectionString(SQLiteConnection connection, String connectionString, Boolean allowNameOnly)
   at System.Data.SQLite.SQLiteConnection.Open()
   at WebApplication.Models.DataBase.RepoCadete.GetAllCadetes() in C:\Users\Usuario\OneDrive\Escritorio\practicaC#\tp032021-DiazCode12\Cadeteria\WebApplication\Models\DataBase\RepoCadete.cs:line 32 
2021-11-15 14:40:47.1619|0|ERROR|WebApplication.Startup|Error Message: Invalid ConnectionString format for part "C:\Users\Usuario\OneDrive\Escritorio\practicaC#\tp032021-DiazCode12\Cadeteria\WebApplication\SQLite\DBWebAplication.db", no equal sign found Stack trace:    at System.Data.SQLite.SQLiteConnection.ParseConnectionString(SQLiteConnection connection, String connectionString, Boolean allowNameOnly)
   at System.Data.SQLite.SQLiteConnection.Open()
   at WebApplication.Models.DataBase.RepoCadete.GetAllCadetes() in C:\Users\Usuario\OneDrive\Escritorio\practicaC#\tp032021-DiazCode12\Cadeteria\WebApplication\Models\DataBase\RepoCadete.cs:line 32 
2021-11-15 14:40:47.5453|0|ERROR|WebApplication.Startup|Error Message: Invalid ConnectionString format for part "C:\Users\Usuario\OneDrive\Escritorio\practicaC#\tp032021-DiazCode12\Cadeteria\WebApplication\SQLite\DBWebAplication.db", no equal sign found Stack trace:    at System.Data.SQLite.SQLiteConnection.ParseConnectionString(SQLiteConnection connection, String connectionString, Boolean allowNameOnly)
   at System.Data.SQLite.SQLiteConnection.Open()
   at WebApplication.Models.DataBase.RepoCadete.GetAllCadetes() in C:\Users\Usuario\OneDrive\Escritorio\practicaC#\tp032021-DiazCode12\Cadeteria\WebApplication\Models\DataBase\RepoCadete.cs:line 32 
2021-11-15 14:40:47.7281|0|ERROR|WebApplication.Startup|Error Message: Invalid ConnectionString format for part "C:\Users\Usuario\OneDrive\Escritorio\practicaC#\tp032021-DiazCode12\Cadeteria\WebApplication\SQLite\DBWebAplication.db", no equal sign found Stack trace:    at System.Data.SQLite.SQLiteConnection.ParseConnectionString(SQLiteConnection connection, String connectionString, Boolean allowNameOnly)
   at System.Data.SQLite.SQLiteConnection.Open()
   at WebApplication.Models.DataBase.RepoCadete.GetAllCadetes() in C:\Users\Usuario\OneDrive\Escritorio\practicaC#\tp032021-DiazCode12\Cadeteria\WebApplication\Models\DataBase\RepoCadete.cs:line 32 
2021-11-15 14:40:48.0759|0|ERROR|WebApplication.Startup|Error Message: Invalid ConnectionString format for part "C:\Users\Usuario\OneDrive\Escritorio\practicaC#\tp032021-DiazCode12\Cadeteria\WebApplication\SQLite\DBWebAplication.db", no equal sign found Stack trace:    at System.Data.SQLite.SQLiteConnection.ParseConnectionString(SQLiteConnection connection, String connectionString, Boolean allowNameOnly)
   at System.Data.SQLite.SQLiteConnection.Open()
   at WebApplication.Models.DataBase.RepoCadete.GetAllCadetes() in C:\Users\Usuario\OneDrive\Escritorio\practicaC#\tp032021-DiazCode12\Cadeteria\WebApplication\Models\DataBase\RepoCadete.cs:line 32 
2021-11-15 14:42:04.3964|0|DEBUG|WebApplication.Program|init main 
2021-11-15 14:42:06.3962|0|INFO|Microsoft.Hosting.Lifetime|Application started. Press Ctrl+C to shut down. 
2021-11-15 14:42:06.4061|0|INFO|Microsoft.Hosting.Lifetime|Hosting environment: Development 
2021-11-15 14:42:06.4168|0|INFO|Microsoft.Hosting.Lifetime|Content root path: C:\Users\Usuario\OneDrive\Escritorio\practicaC#\tp032021-DiazCode12\Cadeteria\WebApplication 
2021-11-15 14:42:08.3234|0|ERROR|WebApplication.Startup|Error Message: Invalid ConnectionString format for part "C:\Users\Usuario\OneDrive\Escritorio\practicaC#\tp032021-DiazCode12\Cadeteria\WebApplication\SQLite\DBWebAplication.db", no equal sign found Stack trace:    at System.Data.SQLite.SQLiteConnection.ParseConnectionString(SQLiteConnection connection, String connectionString, Boolean allowNameOnly)
   at System.Data.SQLite.SQLiteConnection.Open()
   at WebApplication.Models.DataBase.RepoCadete.GetAllCadetes() in C:\Users\Usuario\OneDrive\Escritorio\practicaC#\tp032021-DiazCode12\Cadeteria\WebApplication\Models\DataBase\RepoCadete.cs:line 32 
2021-11-15 14:42:10.3978|0|ERROR|WebApplication.Startup|Error Message: Invalid ConnectionString format for part "C:\Users\Usuario\OneDrive\Escritorio\practicaC#\tp032021-DiazCode12\Cadeteria\WebApplication\SQLite\DBWebAplication.db", no equal sign found Stack trace:    at System.Data.SQLite.SQLiteConnection.ParseConnectionString(SQLiteConnection connection, String connectionString, Boolean allowNameOnly)
   at System.Data.SQLite.SQLiteConnection.Open()
   at WebApplication.Models.DataBase.RepoCadete.GetAllCadetes() in C:\Users\Usuario\OneDrive\Escritorio\practicaC#\tp032021-DiazCode12\Cadeteria\WebApplication\Models\DataBase\RepoCadete.cs:line 32 
2021-11-15 14:44:46.5173|0|DEBUG|WebApplication.Program|init main 
2021-11-15 14:44:47.8877|0|INFO|Microsoft.Hosting.Lifetime|Application started. Press Ctrl+C to shut down. 
2021-11-15 14:44:47.8877|0|INFO|Microsoft.Hosting.Lifetime|Hosting environment: Development 
2021-11-15 14:44:47.9055|0|INFO|Microsoft.Hosting.Lifetime|Content root path: C:\Users\Usuario\OneDrive\Escritorio\practicaC#\tp032021-DiazCode12\Cadeteria\WebApplication 
2021-11-15 14:44:49.6083|0|ERROR|WebApplication.Startup|Error Message: Invalid ConnectionString format for part "C:\Users\Usuario\OneDrive\Escritorio\practicaC#\tp032021-DiazCode12\Cadeteria\WebApplication\SQLite\DBWebAplication.db", no equal sign found Stack trace:    at System.Data.SQLite.SQLiteConnection.ParseConnectionString(SQLiteConnection connection, String connectionString, Boolean allowNameOnly)
   at System.Data.SQLite.SQLiteConnection.Open()
   at WebApplication.Models.DataBase.RepoCadete.GetAllCadetes() in C:\Users\Usuario\OneDrive\Escritorio\practicaC#\tp032021-DiazCode12\Cadeteria\WebApplication\Models\DataBase\RepoCadete.cs:line 32 
2021-11-15 14:46:44.2852|0|DEBUG|WebApplication.Program|init main 
2021-11-15 14:46:46.0590|0|INFO|Microsoft.Hosting.Lifetime|Application started. Press Ctrl+C to shut down. 
2021-11-15 14:46:46.1098|0|INFO|Microsoft.Hosting.Lifetime|Hosting environment: Development 
2021-11-15 14:46:46.1098|0|INFO|Microsoft.Hosting.Lifetime|Content root path: C:\Users\Usuario\OneDrive\Escritorio\practicaC#\tp032021-DiazCode12\Cadeteria\WebApplication 
2021-11-15 14:46:47.8184|0|ERROR|WebApplication.Startup|Error Message: Invalid ConnectionString format for part "C:\Users\Usuario\OneDrive\Escritorio\practicaC#\tp032021-DiazCode12\Cadeteria\WebApplication\SQLite\DBWebAplication.db", no equal sign found Stack trace:    at System.Data.SQLite.SQLiteConnection.ParseConnectionString(SQLiteConnection connection, String connectionString, Boolean allowNameOnly)
   at System.Data.SQLite.SQLiteConnection.Open()
   at WebApplication.Models.DataBase.RepoCadete.GetAllCadetes() in C:\Users\Usuario\OneDrive\Escritorio\practicaC#\tp032021-DiazCode12\Cadeteria\WebApplication\Models\DataBase\RepoCadete.cs:line 32 
2021-11-15 14:47:06.6975|0|DEBUG|WebApplication.Program|init main 
2021-11-15 14:47:08.5446|0|INFO|Microsoft.Hosting.Lifetime|Application started. Press Ctrl+C to shut down. 
2021-11-15 14:47:08.5446|0|INFO|Microsoft.Hosting.Lifetime|Hosting environment: Development 
2021-11-15 14:47:08.5633|0|INFO|Microsoft.Hosting.Lifetime|Content root path: C:\Users\Usuario\OneDrive\Escritorio\practicaC#\tp032021-DiazCode12\Cadeteria\WebApplication 
2021-11-15 14:47:24.5748|0|ERROR|WebApplication.Startup|Error Message: Invalid ConnectionString format for part "C:\Users\Usuario\OneDrive\Escritorio\practicaC#\tp032021-DiazCode12\Cadeteria\WebApplication\SQLite\DBWebAplication.db", no equal sign found Stack trace:    at System.Data.SQLite.SQLiteConnection.ParseConnectionString(SQLiteConnection connection, String connectionString, Boolean allowNameOnly)
   at System.Data.SQLite.SQLiteConnection.Open()
   at WebApplication.Models.DataBase.RepoCadete.GetAllCadetes() in C:\Users\Usuario\OneDrive\Escritorio\practicaC#\tp032021-DiazCode12\Cadeteria\WebApplication\Models\DataBase\RepoCadete.cs:line 32 
2021-11-15 14:53:29.5430|0|DEBUG|WebApplication.Program|init main 
2021-11-15 14:53:31.0241|0|INFO|Microsoft.Hosting.Lifetime|Application started. Press Ctrl+C to shut down. 
2021-11-15 14:53:31.0241|0|INFO|Microsoft.Hosting.Lifetime|Hosting environment: Development 
2021-11-15 14:53:31.0410|0|INFO|Microsoft.Hosting.Lifetime|Content root path: C:\Users\Usuario\OneDrive\Escritorio\practicaC#\tp032021-DiazCode12\Cadeteria\WebApplication 
2021-11-15 14:53:36.3424|0|ERROR|WebApplication.Startup|Error Message: Invalid ConnectionString format for part "C:\Users\Usuario\OneDrive\Escritorio\practicaC#\tp032021-DiazCode12\Cadeteria\WebApplication\SQLite\DBWebAplication.db", no equal sign found Stack trace:    at System.Data.SQLite.SQLiteConnection.ParseConnectionString(SQLiteConnection connection, String connectionString, Boolean allowNameOnly)
   at System.Data.SQLite.SQLiteConnection.Open()
   at WebApplication.Models.DataBase.RepoCadete.GetAllCadetes() in C:\Users\Usuario\OneDrive\Escritorio\practicaC#\tp032021-DiazCode12\Cadeteria\WebApplication\Models\DataBase\RepoCadete.cs:line 32 
2021-11-15 14:58:45.4284|0|DEBUG|WebApplication.Program|init main 
2021-11-15 14:58:47.0568|0|INFO|Microsoft.Hosting.Lifetime|Application started. Press Ctrl+C to shut down. 
2021-11-15 14:58:47.0568|0|INFO|Microsoft.Hosting.Lifetime|Hosting environment: Development 
2021-11-15 14:58:47.0756|0|INFO|Microsoft.Hosting.Lifetime|Content root path: C:\Users\Usuario\OneDrive\Escritorio\practicaC#\tp032021-DiazCode12\Cadeteria\WebApplication 
2021-11-15 14:58:49.8117|0|ERROR|WebApplication.Startup|Error Message: Invalid ConnectionString format for part "C:\Users\Usuario\OneDrive\Escritorio\practicaC#\tp032021-DiazCode12\Cadeteria\WebApplication\SQLite\DBWebAplication.db", no equal sign found Stack trace:    at System.Data.SQLite.SQLiteConnection.ParseConnectionString(SQLiteConnection connection, String connectionString, Boolean allowNameOnly)
   at System.Data.SQLite.SQLiteConnection.Open()
   at WebApplication.Models.DataBase.RepoCadete.GetAllCadetes() in C:\Users\Usuario\OneDrive\Escritorio\practicaC#\tp032021-DiazCode12\Cadeteria\WebApplication\Models\DataBase\RepoCadete.cs:line 31 
2021-11-15 14:59:06.0676|0|DEBUG|WebApplication.Program|init main 
2021-11-15 14:59:07.8931|0|INFO|Microsoft.Hosting.Lifetime|Application started. Press Ctrl+C to shut down. 
2021-11-15 14:59:07.8992|0|INFO|Microsoft.Hosting.Lifetime|Hosting environment: Development 
2021-11-15 14:59:07.9167|0|INFO|Microsoft.Hosting.Lifetime|Content root path: C:\Users\Usuario\OneDrive\Escritorio\practicaC#\tp032021-DiazCode12\Cadeteria\WebApplication 
2021-11-15 14:59:09.6922|0|ERROR|WebApplication.Startup|Error Message: Invalid ConnectionString format for part "C:\Users\Usuario\OneDrive\Escritorio\practicaC#\tp032021-DiazCode12\Cadeteria\WebApplication\SQLite\DBWebAplication.db", no equal sign found Stack trace:    at System.Data.SQLite.SQLiteConnection.ParseConnectionString(SQLiteConnection connection, String connectionString, Boolean allowNameOnly)
   at System.Data.SQLite.SQLiteConnection.Open()
   at WebApplication.Models.DataBase.RepoCadete.GetAllCadetes() in C:\Users\Usuario\OneDrive\Escritorio\practicaC#\tp032021-DiazCode12\Cadeteria\WebApplication\Models\DataBase\RepoCadete.cs:line 30 
2021-11-15 15:05:29.0312|0|DEBUG|WebApplication.Program|init main 
2021-11-15 15:05:30.5027|0|INFO|Microsoft.Hosting.Lifetime|Application started. Press Ctrl+C to shut down. 
2021-11-15 15:05:30.5136|0|INFO|Microsoft.Hosting.Lifetime|Hosting environment: Development 
2021-11-15 15:05:30.5136|0|INFO|Microsoft.Hosting.Lifetime|Content root path: C:\Users\Usuario\OneDrive\Escritorio\practicaC#\tp032021-DiazCode12\Cadeteria\WebApplication 
2021-11-15 15:05:32.1909|0|ERROR|WebApplication.Startup|Error Message: Invalid ConnectionString format for part "C:\Users\Usuario\OneDrive\Escritorio\practicaC#\tp032021-DiazCode12\Cadeteria\WebApplication\SQLite\DBWebAplication.db", no equal sign found Stack trace:    at System.Data.SQLite.SQLiteConnection.ParseConnectionString(SQLiteConnection connection, String connectionString, Boolean allowNameOnly)
   at System.Data.SQLite.SQLiteConnection.Open()
   at WebApplication.Models.DataBase.RepoCadete.GetAllCadetes() in C:\Users\Usuario\OneDrive\Escritorio\practicaC#\tp032021-DiazCode12\Cadeteria\WebApplication\Models\DataBase\RepoCadete.cs:line 69 
2021-11-15 15:05:58.4257|0|DEBUG|WebApplication.Program|init main 
2021-11-15 15:05:59.9660|0|INFO|Microsoft.Hosting.Lifetime|Application started. Press Ctrl+C to shut down. 
2021-11-15 15:05:59.9660|0|INFO|Microsoft.Hosting.Lifetime|Hosting environment: Development 
2021-11-15 15:05:59.9864|0|INFO|Microsoft.Hosting.Lifetime|Content root path: C:\Users\Usuario\OneDrive\Escritorio\practicaC#\tp032021-DiazCode12\Cadeteria\WebApplication 
2021-11-15 15:06:29.4748|0|DEBUG|WebApplication.Program|init main 
2021-11-15 15:06:31.2258|0|INFO|Microsoft.Hosting.Lifetime|Application started. Press Ctrl+C to shut down. 
2021-11-15 15:06:31.2366|0|INFO|Microsoft.Hosting.Lifetime|Hosting environment: Development 
2021-11-15 15:06:31.2524|0|INFO|Microsoft.Hosting.Lifetime|Content root path: C:\Users\Usuario\OneDrive\Escritorio\practicaC#\tp032021-DiazCode12\Cadeteria\WebApplication 
2021-11-15 15:08:59.8336|0|DEBUG|WebApplication.Program|init main 
2021-11-15 15:09:01.9773|0|INFO|Microsoft.Hosting.Lifetime|Application started. Press Ctrl+C to shut down. 
2021-11-15 15:09:01.9773|0|INFO|Microsoft.Hosting.Lifetime|Hosting environment: Development 
2021-11-15 15:09:01.9972|0|INFO|Microsoft.Hosting.Lifetime|Content root path: C:\Users\Usuario\OneDrive\Escritorio\practicaC#\tp032021-DiazCode12\Cadeteria\WebApplication 
2021-11-15 15:10:11.0341|0|DEBUG|WebApplication.Program|init main 
2021-11-15 15:10:12.3201|0|INFO|Microsoft.Hosting.Lifetime|Application started. Press Ctrl+C to shut down. 
2021-11-15 15:10:12.3292|0|INFO|Microsoft.Hosting.Lifetime|Hosting environment: Development 
2021-11-15 15:10:12.3438|0|INFO|Microsoft.Hosting.Lifetime|Content root path: C:\Users\Usuario\OneDrive\Escritorio\practicaC#\tp032021-DiazCode12\Cadeteria\WebApplication 
2021-11-15 15:11:44.4640|0|DEBUG|WebApplication.Program|init main 
2021-11-15 15:11:46.4203|0|INFO|Microsoft.Hosting.Lifetime|Application started. Press Ctrl+C to shut down. 
2021-11-15 15:11:46.4320|0|INFO|Microsoft.Hosting.Lifetime|Hosting environment: Development 
2021-11-15 15:11:46.4320|0|INFO|Microsoft.Hosting.Lifetime|Content root path: C:\Users\Usuario\OneDrive\Escritorio\practicaC#\tp032021-DiazCode12\Cadeteria\WebApplication 
2021-11-15 15:55:08.1735|0|DEBUG|WebApplication.Program|init main 
2021-11-15 15:55:09.6982|0|INFO|Microsoft.Hosting.Lifetime|Application started. Press Ctrl+C to shut down. 
2021-11-15 15:55:09.6982|0|INFO|Microsoft.Hosting.Lifetime|Hosting environment: Development 
2021-11-15 15:55:09.7199|0|INFO|Microsoft.Hosting.Lifetime|Content root path: C:\Users\Usuario\OneDrive\Escritorio\practicaC#\tp032021-DiazCode12\Cadeteria\WebApplication 
2021-11-15 16:04:45.1217|0|DEBUG|WebApplication.Program|init main 
2021-11-15 16:04:46.5004|0|INFO|Microsoft.Hosting.Lifetime|Application started. Press Ctrl+C to shut down. 
2021-11-15 16:04:46.5101|0|INFO|Microsoft.Hosting.Lifetime|Hosting environment: Development 
2021-11-15 16:04:46.5101|0|INFO|Microsoft.Hosting.Lifetime|Content root path: C:\Users\Usuario\OneDrive\Escritorio\practicaC#\tp032021-DiazCode12\Cadeteria\WebApplication 
2021-11-15 16:05:12.1471|0|DEBUG|WebApplication.Program|init main 
2021-11-15 16:05:14.2001|0|INFO|Microsoft.Hosting.Lifetime|Application started. Press Ctrl+C to shut down. 
2021-11-15 16:05:14.2001|0|INFO|Microsoft.Hosting.Lifetime|Hosting environment: Development 
2021-11-15 16:05:14.2289|0|INFO|Microsoft.Hosting.Lifetime|Content root path: C:\Users\Usuario\OneDrive\Escritorio\practicaC#\tp032021-DiazCode12\Cadeteria\WebApplication 
2021-11-15 16:07:35.5995|0|DEBUG|WebApplication.Program|init main 
2021-11-15 16:07:37.3875|0|INFO|Microsoft.Hosting.Lifetime|Application started. Press Ctrl+C to shut down. 
2021-11-15 16:07:37.3875|0|INFO|Microsoft.Hosting.Lifetime|Hosting environment: Development 
2021-11-15 16:07:37.4072|0|INFO|Microsoft.Hosting.Lifetime|Content root path: C:\Users\Usuario\OneDrive\Escritorio\practicaC#\tp032021-DiazCode12\Cadeteria\WebApplication 
2021-11-15 16:56:24.7228|0|DEBUG|WebApplication.Program|init main 
2021-11-15 16:56:26.9381|0|INFO|Microsoft.Hosting.Lifetime|Application started. Press Ctrl+C to shut down. 
2021-11-15 16:56:26.9592|0|INFO|Microsoft.Hosting.Lifetime|Hosting environment: Development 
2021-11-15 16:56:26.9660|0|INFO|Microsoft.Hosting.Lifetime|Content root path: C:\Users\Usuario\OneDrive\Escritorio\practicaC#\tp032021-DiazCode12\Cadeteria\WebApplication 
2021-11-15 17:05:19.4516|0|DEBUG|WebApplication.Program|init main 
2021-11-15 17:05:21.1240|0|INFO|Microsoft.Hosting.Lifetime|Application started. Press Ctrl+C to shut down. 
2021-11-15 17:05:21.1362|0|INFO|Microsoft.Hosting.Lifetime|Hosting environment: Development 
2021-11-15 17:05:21.1500|0|INFO|Microsoft.Hosting.Lifetime|Content root path: C:\Users\Usuario\OneDrive\Escritorio\practicaC#\tp032021-DiazCode12\Cadeteria\WebApplication 
2021-11-15 17:41:15.6606|0|DEBUG|WebApplication.Program|init main 
2021-11-15 17:41:17.3693|0|INFO|Microsoft.Hosting.Lifetime|Application started. Press Ctrl+C to shut down. 
2021-11-15 17:41:17.3693|0|INFO|Microsoft.Hosting.Lifetime|Hosting environment: Development 
2021-11-15 17:41:17.3888|0|INFO|Microsoft.Hosting.Lifetime|Content root path: C:\Users\Usuario\OneDrive\Escritorio\practicaC#\tp032021-DiazCode12\Cadeteria\WebApplication 
2021-11-15 17:43:25.2530|0|DEBUG|WebApplication.Program|init main 
2021-11-15 17:43:26.7547|0|INFO|Microsoft.Hosting.Lifetime|Application started. Press Ctrl+C to shut down. 
2021-11-15 17:43:26.7656|0|INFO|Microsoft.Hosting.Lifetime|Hosting environment: Development 
2021-11-15 17:43:26.7813|0|INFO|Microsoft.Hosting.Lifetime|Content root path: C:\Users\Usuario\OneDrive\Escritorio\practicaC#\tp032021-DiazCode12\Cadeteria\WebApplication 
2021-11-15 17:52:48.8398|0|DEBUG|WebApplication.Program|init main 
2021-11-15 17:54:44.4079|0|DEBUG|WebApplication.Program|init main 
2021-11-15 17:54:46.0337|0|INFO|Microsoft.Hosting.Lifetime|Application started. Press Ctrl+C to shut down. 
2021-11-15 17:54:46.0488|0|INFO|Microsoft.Hosting.Lifetime|Hosting environment: Development 
2021-11-15 17:54:46.0488|0|INFO|Microsoft.Hosting.Lifetime|Content root path: C:\Users\Usuario\OneDrive\Escritorio\practicaC#\tp032021-DiazCode12\Cadeteria\WebApplication 
2021-11-15 17:56:13.5846|0|DEBUG|WebApplication.Program|init main 
2021-11-15 17:56:15.1205|0|INFO|Microsoft.Hosting.Lifetime|Application started. Press Ctrl+C to shut down. 
2021-11-15 17:56:15.1205|0|INFO|Microsoft.Hosting.Lifetime|Hosting environment: Development 
2021-11-15 17:56:15.1391|0|INFO|Microsoft.Hosting.Lifetime|Content root path: C:\Users\Usuario\OneDrive\Escritorio\practicaC#\tp032021-DiazCode12\Cadeteria\WebApplication 
2021-11-15 17:57:49.9806|0|DEBUG|WebApplication.Program|init main 
2021-11-15 17:57:51.5392|0|INFO|Microsoft.Hosting.Lifetime|Application started. Press Ctrl+C to shut down. 
2021-11-15 17:57:51.5392|0|INFO|Microsoft.Hosting.Lifetime|Hosting environment: Development 
2021-11-15 17:57:51.5601|0|INFO|Microsoft.Hosting.Lifetime|Content root path: C:\Users\Usuario\OneDrive\Escritorio\practicaC#\tp032021-DiazCode12\Cadeteria\WebApplication 
2021-11-15 17:59:13.6916|0|DEBUG|WebApplication.Program|init main 
2021-11-15 17:59:15.6240|0|INFO|Microsoft.Hosting.Lifetime|Application started. Press Ctrl+C to shut down. 
2021-11-15 17:59:15.6758|0|INFO|Microsoft.Hosting.Lifetime|Hosting environment: Development 
2021-11-15 17:59:15.6827|0|INFO|Microsoft.Hosting.Lifetime|Content root path: C:\Users\Usuario\OneDrive\Escritorio\practicaC#\tp032021-DiazCode12\Cadeteria\WebApplication 
2021-11-15 18:00:35.5438|0|DEBUG|WebApplication.Program|init main 
2021-11-15 18:00:37.8514|0|INFO|Microsoft.Hosting.Lifetime|Application started. Press Ctrl+C to shut down. 
2021-11-15 18:00:37.8623|0|INFO|Microsoft.Hosting.Lifetime|Hosting environment: Development 
2021-11-15 18:00:37.8743|0|INFO|Microsoft.Hosting.Lifetime|Content root path: C:\Users\Usuario\OneDrive\Escritorio\practicaC#\tp032021-DiazCode12\Cadeteria\WebApplication 
2021-11-15 18:10:04.9130|0|DEBUG|WebApplication.Program|init main 
2021-11-15 18:10:06.4670|0|INFO|Microsoft.Hosting.Lifetime|Application started. Press Ctrl+C to shut down. 
2021-11-15 18:10:06.4780|0|INFO|Microsoft.Hosting.Lifetime|Hosting environment: Development 
2021-11-15 18:10:06.4780|0|INFO|Microsoft.Hosting.Lifetime|Content root path: C:\Users\Usuario\OneDrive\Escritorio\practicaC#\tp032021-DiazCode12\Cadeteria\WebApplication 
2021-11-15 18:26:05.3233|0|DEBUG|WebApplication.Program|init main 
2021-11-15 18:26:07.0230|0|INFO|Microsoft.Hosting.Lifetime|Application started. Press Ctrl+C to shut down. 
2021-11-15 18:26:07.0337|0|INFO|Microsoft.Hosting.Lifetime|Hosting environment: Development 
2021-11-15 18:26:07.0469|0|INFO|Microsoft.Hosting.Lifetime|Content root path: C:\Users\Usuario\OneDrive\Escritorio\practicaC#\tp032021-DiazCode12\Cadeteria\WebApplication 
2021-11-15 18:28:05.3599|0|DEBUG|WebApplication.Program|init main 
2021-11-15 18:28:07.3740|0|INFO|Microsoft.Hosting.Lifetime|Application started. Press Ctrl+C to shut down. 
2021-11-15 18:28:07.3842|0|INFO|Microsoft.Hosting.Lifetime|Hosting environment: Development 
2021-11-15 18:28:07.3842|0|INFO|Microsoft.Hosting.Lifetime|Content root path: C:\Users\Usuario\OneDrive\Escritorio\practicaC#\tp032021-DiazCode12\Cadeteria\WebApplication 
2021-11-15 18:29:39.3799|0|DEBUG|WebApplication.Program|init main 
2021-11-15 18:29:41.6879|0|INFO|Microsoft.Hosting.Lifetime|Application started. Press Ctrl+C to shut down. 
2021-11-15 18:29:41.6984|0|INFO|Microsoft.Hosting.Lifetime|Hosting environment: Development 
2021-11-15 18:29:41.6984|0|INFO|Microsoft.Hosting.Lifetime|Content root path: C:\Users\Usuario\OneDrive\Escritorio\practicaC#\tp032021-DiazCode12\Cadeteria\WebApplication 
2021-11-15 18:31:25.9484|0|DEBUG|WebApplication.Program|init main 
2021-11-15 18:31:27.3432|0|INFO|Microsoft.Hosting.Lifetime|Application started. Press Ctrl+C to shut down. 
2021-11-15 18:31:27.3535|0|INFO|Microsoft.Hosting.Lifetime|Hosting environment: Development 
2021-11-15 18:31:27.3535|0|INFO|Microsoft.Hosting.Lifetime|Content root path: C:\Users\Usuario\OneDrive\Escritorio\practicaC#\tp032021-DiazCode12\Cadeteria\WebApplication 
2021-11-15 18:32:02.3563|0|DEBUG|WebApplication.Program|init main 
2021-11-15 18:32:04.6664|0|INFO|Microsoft.Hosting.Lifetime|Application started. Press Ctrl+C to shut down. 
2021-11-15 18:32:04.6664|0|INFO|Microsoft.Hosting.Lifetime|Hosting environment: Development 
2021-11-15 18:32:04.6918|0|INFO|Microsoft.Hosting.Lifetime|Content root path: C:\Users\Usuario\OneDrive\Escritorio\practicaC#\tp032021-DiazCode12\Cadeteria\WebApplication 
